
-------------------------------------------------------------------------------
   ROBOCOPY     ::     Robust File Copy for Windows                              
-------------------------------------------------------------------------------

  Started : Friday, March 13, 2026 9:47:08 PM
   Source : D:\Codes\Seminar\Source Code\frontend\
     Dest : D:\Codes\Seminar\Source Code\main\frontend\

    Files : *.*
	    
 Exc Dirs : .git
	    node_modules
	    .next
	    
  Options : *.* /TEE /S /E /DCOPY:DA /COPY:DAT /NP /R:1000000 /W:30 

------------------------------------------------------------------------------

	                  12	D:\Codes\Seminar\Source Code\frontend\
	    New File  		      48	.env.local
	                   4	D:\Codes\Seminar\Source Code\frontend\app\
	                   0	D:\Codes\Seminar\Source Code\frontend\app\api\
	                   0	D:\Codes\Seminar\Source Code\frontend\app\api\auth\
	                   0	D:\Codes\Seminar\Source Code\frontend\app\api\auth\vendor\
	                   1	D:\Codes\Seminar\Source Code\frontend\app\api\auth\vendor\login\
	                   1	D:\Codes\Seminar\Source Code\frontend\app\api\auth\vendor\logout\
	                   1	D:\Codes\Seminar\Source Code\frontend\app\api\poi\
	                   1	D:\Codes\Seminar\Source Code\frontend\app\api\poi\my\
	                   0	D:\Codes\Seminar\Source Code\frontend\app\api\poi\shops\
	                   1	D:\Codes\Seminar\Source Code\frontend\app\api\poi\shops\available\
	  New Dir          1	D:\Codes\Seminar\Source Code\frontend\app\api\poi\[poiId]\
	    New File  		    3114	route.ts
	                   0	D:\Codes\Seminar\Source Code\frontend\app\api\shop\
	                   1	D:\Codes\Seminar\Source Code\frontend\app\api\shop\my\
	                   0	D:\Codes\Seminar\Source Code\frontend\app\auth\
	                   0	D:\Codes\Seminar\Source Code\frontend\app\auth\vendor\
	                   1	D:\Codes\Seminar\Source Code\frontend\app\auth\vendor\forgot-password\
	                   1	D:\Codes\Seminar\Source Code\frontend\app\auth\vendor\login\
	                   1	D:\Codes\Seminar\Source Code\frontend\app\auth\vendor\reset-password\
	                   1	D:\Codes\Seminar\Source Code\frontend\app\auth\vendor\signup\
	                   1	D:\Codes\Seminar\Source Code\frontend\app\auth\vendor\verify\
	                   1	D:\Codes\Seminar\Source Code\frontend\app\vendor\
	                   1	D:\Codes\Seminar\Source Code\frontend\app\vendor\analytics\
	                   1	D:\Codes\Seminar\Source Code\frontend\app\vendor\dashboard\
	                   1	D:\Codes\Seminar\Source Code\frontend\app\vendor\orders\
	                   1	D:\Codes\Seminar\Source Code\frontend\app\vendor\poi\
	                   1	D:\Codes\Seminar\Source Code\frontend\app\vendor\poi\create\
	  New Dir          0	D:\Codes\Seminar\Source Code\frontend\app\vendor\poi\[poiId]\
	  New Dir          1	D:\Codes\Seminar\Source Code\frontend\app\vendor\poi\[poiId]\edit\
	    New File  		    2338	page.tsx
	                   1	D:\Codes\Seminar\Source Code\frontend\app\vendor\reviews\
	                   1	D:\Codes\Seminar\Source Code\frontend\app\vendor\settings\
	                   1	D:\Codes\Seminar\Source Code\frontend\app\vendor\shop\
	                   3	D:\Codes\Seminar\Source Code\frontend\app\vendor\_components\
	                   0	D:\Codes\Seminar\Source Code\frontend\modules\
	                   0	D:\Codes\Seminar\Source Code\frontend\modules\analytics\
	                   0	D:\Codes\Seminar\Source Code\frontend\modules\audio\
	                   0	D:\Codes\Seminar\Source Code\frontend\modules\auth\
	                   5	D:\Codes\Seminar\Source Code\frontend\modules\auth\components\
	                   0	D:\Codes\Seminar\Source Code\frontend\modules\auth\lib\
	                   1	D:\Codes\Seminar\Source Code\frontend\modules\auth\services\
	                   0	D:\Codes\Seminar\Source Code\frontend\modules\auth\utils\
	                   0	D:\Codes\Seminar\Source Code\frontend\modules\common\
	                   0	D:\Codes\Seminar\Source Code\frontend\modules\content\
	                   0	D:\Codes\Seminar\Source Code\frontend\modules\file\
	                   0	D:\Codes\Seminar\Source Code\frontend\modules\location\
	                   0	D:\Codes\Seminar\Source Code\frontend\modules\moderation\
	                   0	D:\Codes\Seminar\Source Code\frontend\modules\notification\
	                   0	D:\Codes\Seminar\Source Code\frontend\modules\poi\
	                  12	D:\Codes\Seminar\Source Code\frontend\modules\poi\components\
	    New File  		    1475	ChangesSummary.tsx
	    New File  		   10209	DeletePoiDialog.tsx
	    New File  		   13356	EditPoiForm.tsx
	    Newer     		    5856	MapPicker.tsx
	    Newer     		   10513	PoiCard.tsx
	    Newer     		    2967	PoiListPage.tsx
	                   1	D:\Codes\Seminar\Source Code\frontend\modules\poi\services\
	    Newer     		    4491	poiApi.ts
	                   0	D:\Codes\Seminar\Source Code\frontend\modules\search\
	                   0	D:\Codes\Seminar\Source Code\frontend\modules\shop\
	                   1	D:\Codes\Seminar\Source Code\frontend\modules\shop\components\
	                   1	D:\Codes\Seminar\Source Code\frontend\modules\shop\services\
	                   0	D:\Codes\Seminar\Source Code\frontend\modules\user\
	                   0	D:\Codes\Seminar\Source Code\frontend\modules\vendor\
	                   1	D:\Codes\Seminar\Source Code\frontend\modules\vendor\components\
	                   5	D:\Codes\Seminar\Source Code\frontend\public\
	                   0	D:\Codes\Seminar\Source Code\frontend\shared\
	                   1	D:\Codes\Seminar\Source Code\frontend\shared\components\
	                   0	D:\Codes\Seminar\Source Code\frontend\shared\ui\
	                   1	D:\Codes\Seminar\Source Code\frontend\shared\utils\

------------------------------------------------------------------------------

               Total    Copied   Skipped  Mismatch    FAILED    Extras
    Dirs :        65         3        62         0         0         0
   Files :        70        10        60         0         0         0
   Bytes :   560.2 k    53.0 k   507.2 k         0         0         0
   Times :   0:00:00   0:00:00                       0:00:00   0:00:00


   Speed :           5,436,700 Bytes/sec.
   Speed :             311.090 MegaBytes/min.
   Ended : Friday, March 13, 2026 9:47:09 PM

