
-------------------------------------------------------------------------------
   ROBOCOPY     ::     Robust File Copy for Windows                              
-------------------------------------------------------------------------------

  Started : Friday, March 13, 2026 9:45:22 PM
   Source : D:\Codes\Seminar\Source Code\database\
     Dest : D:\Codes\Seminar\Source Code\main\database\

    Files : *.*
	    
 Exc Dirs : .git
	    
  Options : *.* /TEE /S /E /DCOPY:DA /COPY:DAT /NP /R:1000000 /W:30 

------------------------------------------------------------------------------

	                   0	D:\Codes\Seminar\Source Code\database\
	                   6	D:\Codes\Seminar\Source Code\database\mysql\
	    New File  		   37628	MySQL_Data_Replication_Process.docx
	    Newer     		    9240	mysql_schema.sql
	    New File  		  13.5 m	Set Up Percona For Tracking Database.docx

------------------------------------------------------------------------------

               Total    Copied   Skipped  Mismatch    FAILED    Extras
    Dirs :         3         0         3         0         0         0
   Files :         6         3         3         0         0         0
   Bytes :   13.56 m   13.55 m     8.5 k         0         0         0
   Times :   0:00:00   0:00:00                       0:00:00   0:00:00


   Speed :           888,498,312 Bytes/sec.
   Speed :            50,840.281 MegaBytes/min.
   Ended : Friday, March 13, 2026 9:45:22 PM

